This is pdfTeX, Version 3.14159265-2.6-1.40.17 (TeX Live 2016) (preloaded format=pdflatex 2016.9.19)  7 JAN 2017 20:53
entering extended mode
 restricted \write18 enabled.
 file:line:error style messages enabled.
 %&-line parsing enabled.
**ProxOT.tex
(./ProxOT.tex
LaTeX2e <2016/03/31>
Babel <3.9r> and hyphenation patterns for 83 language(s) loaded.
(./siamltex.cls
Document Class: siamltex 1996/10/11 v1.2 LaTeX document class
(/usr/local/texlive/2016/texmf-dist/tex/latex/base/leqno.clo
File: leqno.clo 2015/03/31 v1.1i Standard LaTeX option (left equation numbers)
) (./siam10.clo
File: siam10.clo 1994/10/01 v1.0 SIAM LaTeX file (size option)
)
\c@section=\count79
\c@subsection=\count80
\c@subsubsection=\count81
\c@paragraph=\count82
\c@subparagraph=\count83
\c@rmnum=\count84
\c@muni=\count85
\c@theorem=\count86
\c@figure=\count87
\c@table=\count88
\abovecaptionskip=\skip41
\belowcaptionskip=\skip42
\bibindent=\dimen102
)
(/usr/local/texlive/2016/texmf-dist/tex/latex/base/inputenc.sty
Package: inputenc 2015/03/17 v1.2c Input encoding file
\inpenc@prehook=\toks14
\inpenc@posthook=\toks15

(/usr/local/texlive/2016/texmf-dist/tex/latex/base/latin1.def
File: latin1.def 2015/03/17 v1.2c Input encoding file
))
(/usr/local/texlive/2016/texmf-dist/tex/latex/tools/array.sty
Package: array 2014/10/28 v2.4c Tabular extension package (FMi)
\col@sep=\dimen103
\extrarowheight=\dimen104
\NC@list=\toks16
\extratabsurround=\skip43
\backup@length=\skip44
)
(/usr/local/texlive/2016/texmf-dist/tex/latex/rotating/rotating.sty
Package: rotating 2009/03/28 v2.16a rotated objects in LaTeX

(/usr/local/texlive/2016/texmf-dist/tex/latex/graphics/graphicx.sty
Package: graphicx 2014/10/28 v1.0g Enhanced LaTeX Graphics (DPC,SPQR)

(/usr/local/texlive/2016/texmf-dist/tex/latex/graphics/keyval.sty
Package: keyval 2014/10/28 v1.15 key=value parser (DPC)
\KV@toks@=\toks17
)
(/usr/local/texlive/2016/texmf-dist/tex/latex/graphics/graphics.sty
Package: graphics 2016/05/09 v1.0r Standard LaTeX Graphics (DPC,SPQR)

(/usr/local/texlive/2016/texmf-dist/tex/latex/graphics/trig.sty
Package: trig 2016/01/03 v1.10 sin cos tan (DPC)
)
(/usr/local/texlive/2016/texmf-dist/tex/latex/graphics-cfg/graphics.cfg
File: graphics.cfg 2016/01/02 v1.10 sample graphics configuration
)
Package graphics Info: Driver file: pdftex.def on input line 96.

(/usr/local/texlive/2016/texmf-dist/tex/latex/pdftex-def/pdftex.def
File: pdftex.def 2011/05/27 v0.06d Graphics/color for pdfTeX

(/usr/local/texlive/2016/texmf-dist/tex/generic/oberdiek/infwarerr.sty
Package: infwarerr 2016/05/16 v1.4 Providing info/warning/error messages (HO)
)
(/usr/local/texlive/2016/texmf-dist/tex/generic/oberdiek/ltxcmds.sty
Package: ltxcmds 2016/05/16 v1.23 LaTeX kernel commands for general use (HO)
)
\Gread@gobject=\count89
))
\Gin@req@height=\dimen105
\Gin@req@width=\dimen106
)
(/usr/local/texlive/2016/texmf-dist/tex/latex/base/ifthen.sty
Package: ifthen 2014/09/29 v1.1c Standard LaTeX ifthen package (DPC)
)
\c@r@tfl@t=\count90
\rotFPtop=\skip45
\rotFPbot=\skip46
\rot@float@box=\box26
\rot@mess@toks=\toks18
)
(/usr/local/texlive/2016/texmf-dist/tex/latex/cancel/cancel.sty
Package: cancel 2013/04/12 v2.2 Cancel math terms
)
(/usr/local/texlive/2016/texmf-dist/tex/latex/graphics/epsfig.sty
Package: epsfig 1999/02/16 v1.7a (e)psfig emulation (SPQR)
\epsfxsize=\dimen107
\epsfysize=\dimen108
)
(/usr/local/texlive/2016/texmf-dist/tex/latex/hyperref/hyperref.sty
Package: hyperref 2016/05/05 v6.83n Hypertext links for LaTeX

(/usr/local/texlive/2016/texmf-dist/tex/generic/oberdiek/hobsub-hyperref.sty
Package: hobsub-hyperref 2016/05/16 v1.14 Bundle oberdiek, subset hyperref (HO)


(/usr/local/texlive/2016/texmf-dist/tex/generic/oberdiek/hobsub-generic.sty
Package: hobsub-generic 2016/05/16 v1.14 Bundle oberdiek, subset generic (HO)
Package: hobsub 2016/05/16 v1.14 Construct package bundles (HO)
Package hobsub Info: Skipping package `infwarerr' (already loaded).
Package hobsub Info: Skipping package `ltxcmds' (already loaded).
Package: ifluatex 2016/05/16 v1.4 Provides the ifluatex switch (HO)
Package ifluatex Info: LuaTeX not detected.
Package: ifvtex 2016/05/16 v1.6 Detect VTeX and its facilities (HO)
Package ifvtex Info: VTeX not detected.
Package: intcalc 2016/05/16 v1.2 Expandable calculations with integers (HO)
Package: ifpdf 2016/05/14 v3.1 Provides the ifpdf switch
Package: etexcmds 2016/05/16 v1.6 Avoid name clashes with e-TeX commands (HO)
Package etexcmds Info: Could not find \expanded.
(etexcmds)             That can mean that you are not using pdfTeX 1.50 or
(etexcmds)             that some package has redefined \expanded.
(etexcmds)             In the latter case, load this package earlier.
Package: kvsetkeys 2016/05/16 v1.17 Key value parser (HO)
Package: kvdefinekeys 2016/05/16 v1.4 Define keys (HO)
Package: pdftexcmds 2016/05/10 v0.21 Utility functions of pdfTeX for LuaTeX (HO
)
Package pdftexcmds Info: LuaTeX not detected.
Package pdftexcmds Info: \pdf@primitive is available.
Package pdftexcmds Info: \pdf@ifprimitive is available.
Package pdftexcmds Info: \pdfdraftmode found.
Package: pdfescape 2016/05/16 v1.14 Implements pdfTeX's escape features (HO)
Package: bigintcalc 2016/05/16 v1.4 Expandable calculations on big integers (HO
)
Package: bitset 2016/05/16 v1.2 Handle bit-vector datatype (HO)
Package: uniquecounter 2016/05/16 v1.3 Provide unlimited unique counter (HO)
)
Package hobsub Info: Skipping package `hobsub' (already loaded).
Package: letltxmacro 2016/05/16 v1.5 Let assignment for LaTeX macros (HO)
Package: hopatch 2016/05/16 v1.3 Wrapper for package hooks (HO)
Package: xcolor-patch 2016/05/16 xcolor patch
Package: atveryend 2016/05/16 v1.9 Hooks at the very end of document (HO)
Package atveryend Info: \enddocument detected (standard20110627).
Package: atbegshi 2016/05/16 v1.17 At begin shipout hook (HO)
Package: refcount 2016/05/16 v3.5 Data extraction from label references (HO)
Package: hycolor 2016/05/16 v1.8 Color options for hyperref/bookmark (HO)
)
(/usr/local/texlive/2016/texmf-dist/tex/generic/ifxetex/ifxetex.sty
Package: ifxetex 2010/09/12 v0.6 Provides ifxetex conditional
)
(/usr/local/texlive/2016/texmf-dist/tex/latex/oberdiek/auxhook.sty
Package: auxhook 2016/05/16 v1.4 Hooks for auxiliary files (HO)
)
(/usr/local/texlive/2016/texmf-dist/tex/latex/oberdiek/kvoptions.sty
Package: kvoptions 2016/05/16 v3.12 Key value format for package options (HO)
)
\@linkdim=\dimen109
\Hy@linkcounter=\count91
\Hy@pagecounter=\count92

(/usr/local/texlive/2016/texmf-dist/tex/latex/hyperref/pd1enc.def
File: pd1enc.def 2016/05/05 v6.83n Hyperref: PDFDocEncoding definition (HO)
)
\Hy@SavedSpaceFactor=\count93

(/usr/local/texlive/2016/texmf-dist/tex/latex/latexconfig/hyperref.cfg
File: hyperref.cfg 2002/06/06 v1.2 hyperref configuration of TeXLive
)
Package hyperref Info: Option `final' set `true' on input line 4322.
Package hyperref Info: Hyper figures OFF on input line 4446.
Package hyperref Info: Link nesting OFF on input line 4451.
Package hyperref Info: Hyper index ON on input line 4454.
Package hyperref Info: Plain pages OFF on input line 4461.
Package hyperref Info: Backreferencing OFF on input line 4466.
Package hyperref Info: Implicit mode ON; LaTeX internals redefined.
Package hyperref Info: Bookmarks ON on input line 4691.
\c@Hy@tempcnt=\count94

(/usr/local/texlive/2016/texmf-dist/tex/latex/url/url.sty
\Urlmuskip=\muskip10
Package: url 2013/09/16  ver 3.4  Verb mode for urls, etc.
)
LaTeX Info: Redefining \url on input line 5044.
\XeTeXLinkMargin=\dimen110
\Fld@menulength=\count95
\Field@Width=\dimen111
\Fld@charsize=\dimen112
Package hyperref Info: Hyper figures OFF on input line 6298.
Package hyperref Info: Link nesting OFF on input line 6303.
Package hyperref Info: Hyper index ON on input line 6306.
Package hyperref Info: backreferencing OFF on input line 6313.
Package hyperref Info: Link coloring OFF on input line 6318.
Package hyperref Info: Link coloring with OCG OFF on input line 6323.
Package hyperref Info: PDF/A mode OFF on input line 6328.
LaTeX Info: Redefining \ref on input line 6368.
LaTeX Info: Redefining \pageref on input line 6372.
\Hy@abspage=\count96
\c@Item=\count97
\c@Hfootnote=\count98
)

Package hyperref Message: Driver (autodetected): hpdftex.

(/usr/local/texlive/2016/texmf-dist/tex/latex/hyperref/hpdftex.def
File: hpdftex.def 2016/05/05 v6.83n Hyperref driver for pdfTeX
\Fld@listcount=\count99
\c@bookmark@seq@number=\count100

(/usr/local/texlive/2016/texmf-dist/tex/latex/oberdiek/rerunfilecheck.sty
Package: rerunfilecheck 2016/05/16 v1.8 Rerun checks for auxiliary files (HO)
Package uniquecounter Info: New unique counter `rerunfilecheck' on input line 2
82.
)
\Hy@SectionHShift=\skip47
)
(/usr/local/texlive/2016/texmf-dist/tex/latex/oberdiek/epstopdf.sty
Package: epstopdf 2016/05/15 v2.6 Conversion with epstopdf on the fly (HO)

(/usr/local/texlive/2016/texmf-dist/tex/latex/oberdiek/epstopdf-base.sty
Package: epstopdf-base 2016/05/15 v2.6 Base part for package epstopdf

(/usr/local/texlive/2016/texmf-dist/tex/latex/oberdiek/grfext.sty
Package: grfext 2016/05/16 v1.2 Manage graphics extensions (HO)
)
Package grfext Info: Graphics extension search list:
(grfext)             [.png,.pdf,.jpg,.mps,.jpeg,.jbig2,.jb2,.PNG,.PDF,.JPG,.JPE
G,.JBIG2,.JB2,.eps]
(grfext)             \AppendGraphicsExtensions on input line 456.

(/usr/local/texlive/2016/texmf-dist/tex/latex/latexconfig/epstopdf-sys.cfg
File: epstopdf-sys.cfg 2010/07/13 v1.3 Configuration of (r)epstopdf for TeX Liv
e
)))
(./mystyle.sty
(/usr/local/texlive/2016/texmf-dist/tex/latex/amsmath/amsmath.sty
Package: amsmath 2016/03/10 v2.15b AMS math features
\@mathmargin=\skip48

For additional information on amsmath, use the `?' option.
(/usr/local/texlive/2016/texmf-dist/tex/latex/amsmath/amstext.sty
Package: amstext 2000/06/29 v2.01 AMS text

(/usr/local/texlive/2016/texmf-dist/tex/latex/amsmath/amsgen.sty
File: amsgen.sty 1999/11/30 v2.0 generic functions
\@emptytoks=\toks19
\ex@=\dimen113
))
(/usr/local/texlive/2016/texmf-dist/tex/latex/amsmath/amsbsy.sty
Package: amsbsy 1999/11/29 v1.2d Bold Symbols
\pmbraise@=\dimen114
)
(/usr/local/texlive/2016/texmf-dist/tex/latex/amsmath/amsopn.sty
Package: amsopn 2016/03/08 v2.02 operator names
)
\inf@bad=\count101
LaTeX Info: Redefining \frac on input line 199.
\uproot@=\count102
\leftroot@=\count103
LaTeX Info: Redefining \overline on input line 297.
\classnum@=\count104
\DOTSCASE@=\count105
LaTeX Info: Redefining \ldots on input line 394.
LaTeX Info: Redefining \dots on input line 397.
LaTeX Info: Redefining \cdots on input line 518.
\Mathstrutbox@=\box27
\strutbox@=\box28
\big@size=\dimen115
LaTeX Font Info:    Redeclaring font encoding OML on input line 634.
LaTeX Font Info:    Redeclaring font encoding OMS on input line 635.
\macc@depth=\count106
\c@MaxMatrixCols=\count107
\dotsspace@=\muskip11
\c@parentequation=\count108
\dspbrk@lvl=\count109
\tag@help=\toks20
\row@=\count110
\column@=\count111
\maxfields@=\count112
\andhelp@=\toks21
\eqnshift@=\dimen116
\alignsep@=\dimen117
\tagshift@=\dimen118
\tagwidth@=\dimen119
\totwidth@=\dimen120
\lineht@=\dimen121
\@envbody=\toks22
\multlinegap=\skip49
\multlinetaggap=\skip50
\mathdisplay@stack=\toks23
LaTeX Info: Redefining \[ on input line 2739.
LaTeX Info: Redefining \] on input line 2740.
)
(/usr/local/texlive/2016/texmf-dist/tex/latex/amsfonts/amsfonts.sty
Package: amsfonts 2013/01/14 v3.01 Basic AMSFonts support
\symAMSa=\mathgroup4
\symAMSb=\mathgroup5
LaTeX Font Info:    Overwriting math alphabet `\mathfrak' in version `bold'
(Font)                  U/euf/m/n --> U/euf/b/n on input line 106.
)
(/usr/local/texlive/2016/texmf-dist/tex/latex/amsfonts/amssymb.sty
Package: amssymb 2013/01/14 v3.01 AMS font symbols
)
(/usr/local/texlive/2016/texmf-dist/tex/latex/tools/tabularx.sty
Package: tabularx 2016/02/03 v2.11 `tabularx' package (DPC)
\TX@col@width=\dimen122
\TX@old@table=\dimen123
\TX@old@col=\dimen124
\TX@target=\dimen125
\TX@delta=\dimen126
\TX@cols=\count113
\TX@ftn=\toks24
)
(/usr/local/texlive/2016/texmf-dist/tex/latex/tools/indentfirst.sty
Package: indentfirst 1995/11/23 v1.03 Indent first paragraph (DPC)
)
\c@thm=\count114
\c@defn=\count115
\c@cor=\count116
\c@lem=\count117
\c@prop=\count118
\c@rem=\count119
\c@exmp=\count120

(/usr/local/texlive/2016/texmf-dist/tex/latex/float/float.sty
Package: float 2001/11/08 v1.3d Float enhancements (AL)
\c@float@type=\count121
\float@exts=\toks25
\float@box=\box29
\@float@everytoks=\toks26
\@floatcapt=\box30
)
\@float@every@listing=\toks27
\c@listing=\count122
\restsubwidth=\skip51
\restsubheight=\skip52
\restsubmoreheight=\skip53

(/usr/local/texlive/2016/texmf-dist/tex/latex/lcg/lcg.sty
Package: lcg 2013/08/09 v1.3 generating random numbers
\f@rst=\count123
\l@st=\count124
\cr@nd=\count125
\c@rand=\count126

Smallest possible random number: 1
Largest possible random number: 2147483647
The pseudo random numbers will be stored in the LaTeX counter `rand'
)
\c@SavedRandom=\count127


Package lcg Warning: Seed should be > 0 -- Seed will be initialized with the ac
tual time on input line 510.

\c@FileRandom=\count128
) (/usr/local/texlive/2016/texmf-dist/tex/generic/ulem/ulem.sty
\UL@box=\box31
\UL@hyphenbox=\box32
\UL@skip=\skip54
\UL@hook=\toks28
\UL@height=\dimen127
\UL@pe=\count129
\UL@pixel=\dimen128
\ULC@box=\box33
Package: ulem 2012/05/18
\ULdepth=\dimen129
)
(/usr/local/texlive/2016/texmf-dist/tex/latex/graphics/color.sty
Package: color 2016/05/09 v1.1c Standard LaTeX Color (DPC)

(/usr/local/texlive/2016/texmf-dist/tex/latex/graphics-cfg/color.cfg
File: color.cfg 2016/01/02 v1.6 sample color configuration
)
Package color Info: Driver file: pdftex.def on input line 144.
)
(/usr/local/texlive/2016/texmf-dist/tex/latex/vmargin/vmargin.sty
Package: vmargin 2004/07/15 V2.5 set document margins (VK)

Package: vmargin 2004/07/15 V2.5 set document margins (VK)
\PaperWidth=\dimen130
\PaperHeight=\dimen131
) (./ProxOT.aux)
\openout1 = `ProxOT.aux'.

LaTeX Font Info:    Checking defaults for OML/cmm/m/it on input line 50.
LaTeX Font Info:    ... okay on input line 50.
LaTeX Font Info:    Checking defaults for T1/cmr/m/n on input line 50.
LaTeX Font Info:    ... okay on input line 50.
LaTeX Font Info:    Checking defaults for OT1/cmr/m/n on input line 50.
LaTeX Font Info:    ... okay on input line 50.
LaTeX Font Info:    Checking defaults for OMS/cmsy/m/n on input line 50.
LaTeX Font Info:    ... okay on input line 50.
LaTeX Font Info:    Checking defaults for OMX/cmex/m/n on input line 50.
LaTeX Font Info:    ... okay on input line 50.
LaTeX Font Info:    Checking defaults for U/cmr/m/n on input line 50.
LaTeX Font Info:    ... okay on input line 50.
LaTeX Font Info:    Checking defaults for PD1/pdf/m/n on input line 50.
LaTeX Font Info:    ... okay on input line 50.

(/usr/local/texlive/2016/texmf-dist/tex/context/base/mkii/supp-pdf.mkii
[Loading MPS to PDF converter (version 2006.09.02).]
\scratchcounter=\count130
\scratchdimen=\dimen132
\scratchbox=\box34
\nofMPsegments=\count131
\nofMParguments=\count132
\everyMPshowfont=\toks29
\MPscratchCnt=\count133
\MPscratchDim=\dimen133
\MPnumerator=\count134
\makeMPintoPDFobject=\count135
\everyMPtoPDFconversion=\toks30
)
\AtBeginShipoutBox=\box35
Package hyperref Info: Link coloring OFF on input line 50.
 (/usr/local/texlive/2016/texmf-dist/tex/latex/hyperref/nameref.sty
Package: nameref 2012/10/27 v2.43 Cross-referencing by name of section

(/usr/local/texlive/2016/texmf-dist/tex/generic/oberdiek/gettitlestring.sty
Package: gettitlestring 2016/05/16 v1.5 Cleanup title references (HO)
)
\c@section@level=\count136
)
LaTeX Info: Redefining \ref on input line 50.
LaTeX Info: Redefining \pageref on input line 50.
LaTeX Info: Redefining \nameref on input line 50.

(./ProxOT.out) (./ProxOT.out)
\@outlinefile=\write3
\openout3 = `ProxOT.out'.

LaTeX Font Info:    Try loading font information for U+msa on input line 53.

(/usr/local/texlive/2016/texmf-dist/tex/latex/amsfonts/umsa.fd
File: umsa.fd 2013/01/14 v3.01 AMS symbols A
)
LaTeX Font Info:    Try loading font information for U+msb on input line 53.

(/usr/local/texlive/2016/texmf-dist/tex/latex/amsfonts/umsb.fd
File: umsb.fd 2013/01/14 v3.01 AMS symbols B
)
(./sections/sec-abstract.tex) (./sections/sec-intro.tex [1

{/usr/local/texlive/2016/texmf-var/fonts/map/pdftex/updmap/pdftex.map}] [2] [3]
)
(./sections/sec-dynamical.tex [4]) (./sections/sec-discretization.tex [5])
(./sections/sec-proximal.tex [6] [7]
Overfull \hbox (5.03363pt too wide) in paragraph at lines 112--113
[]\OT1/cmr/m/n/10 The it-er-a-tions of the DR al-go-rithm de-fine a se-quence $
(\OML/cmm/m/it/10 z[]; w[]\OT1/cmr/m/n/10 ) \OMS/cmsy/m/n/10 2 H[]$ \OT1/cmr/m/
n/10 us-ing a ini-tial $(\OML/cmm/m/it/10 z[]; w[]\OT1/cmr/m/n/10 ) \OMS/cmsy/m
/n/10 2
 []


Overfull \hbox (2.2387pt too wide) in paragraph at lines 126--129
 []\OT1/cmr/m/it/10 Asymmetric-DR (A-DR) split-ting scheme.[] \OT1/cmr/m/n/10 W
e re-cast the ini-tial op-ti-mal trans-port prob-lem []
 []

[8] [9] [10] [11] [12]) (./sections/sec-generalizations.tex [13])
(./sections/sec-numerics.tex [14]
<images/bump_betaold/bump_beta1_01.pdf, id=463, 360.34625pt x 357.335pt>
File: images/bump_betaold/bump_beta1_01.pdf Graphic file (type pdf)

<use images/bump_betaold/bump_beta1_01.pdf>
Package pdftex.def Info: images/bump_betaold/bump_beta1_01.pdf used on input li
ne 22.
(pdftex.def)             Requested size: 71.13188pt x 70.53336pt.

<images/bump_betaold/bump_beta1_09.pdf, id=464, 360.34625pt x 357.335pt>
File: images/bump_betaold/bump_beta1_09.pdf Graphic file (type pdf)

<use images/bump_betaold/bump_beta1_09.pdf>
Package pdftex.def Info: images/bump_betaold/bump_beta1_09.pdf used on input li
ne 23.
(pdftex.def)             Requested size: 71.13188pt x 70.53336pt.

<images/bump_betaold/bump_beta1_17.pdf, id=465, 360.34625pt x 357.335pt>
File: images/bump_betaold/bump_beta1_17.pdf Graphic file (type pdf)

<use images/bump_betaold/bump_beta1_17.pdf>
Package pdftex.def Info: images/bump_betaold/bump_beta1_17.pdf used on input li
ne 24.
(pdftex.def)             Requested size: 71.13188pt x 70.53336pt.

<images/bump_betaold/bump_beta1_25.pdf, id=466, 360.34625pt x 357.335pt>
File: images/bump_betaold/bump_beta1_25.pdf Graphic file (type pdf)

<use images/bump_betaold/bump_beta1_25.pdf>
Package pdftex.def Info: images/bump_betaold/bump_beta1_25.pdf used on input li
ne 25.
(pdftex.def)             Requested size: 71.13188pt x 70.53336pt.

<images/bump_betaold/bump_beta1_33.pdf, id=467, 360.34625pt x 357.335pt>
File: images/bump_betaold/bump_beta1_33.pdf Graphic file (type pdf)

<use images/bump_betaold/bump_beta1_33.pdf>
Package pdftex.def Info: images/bump_betaold/bump_beta1_33.pdf used on input li
ne 26.
(pdftex.def)             Requested size: 71.13188pt x 70.53336pt.

<images/J.png, id=470, 747.79375pt x 554.07pt>
File: images/J.png Graphic file (type png)
 <use images/J.png>
Package pdftex.def Info: images/J.png used on input line 43.
(pdftex.def)             Requested size: 192.34288pt x 150.17056pt.

<images/M.png, id=472, 747.79375pt x 553.06625pt>
File: images/M.png Graphic file (type png)
 <use images/M.png>
Package pdftex.def Info: images/M.png used on input line 44.
(pdftex.def)             Requested size: 192.34288pt x 149.8856pt.

<images/F.png, id=474, 747.79375pt x 553.06625pt>
File: images/F.png Graphic file (type png)
 <use images/F.png>
Package pdftex.def Info: images/F.png used on input line 46.
(pdftex.def)             Requested size: 192.34288pt x 149.8856pt.

<images/Minvalue.png, id=476, 747.79375pt x 554.07pt>
File: images/Minvalue.png Graphic file (type png)

<use images/Minvalue.png>
Package pdftex.def Info: images/Minvalue.png used on input line 47.
(pdftex.def)             Requested size: 192.34288pt x 151.2925pt.
 [15pdfTeX warning (ext4): destination with the same identifier (name{figure.1}
) has been already used, duplicate ignored

\AtBegShi@Output ...ipout \box \AtBeginShipoutBox 
                                                  \fi \fi 
l.64 
      <./images/bump_betaold/bump_beta1_01.pdf> <./images/bump_betaold/bump_bet
a1_09.pdf> <./images/bump_betaold/bump_beta1_17.pdf> <./images/bump_betaold/bum
p_beta1_25.pdf> <./images/bump_betaold/bump_beta1_33.pdf>]
<images/shape/shape3_1.png, id=500, 451.9284pt x 357.9774pt>
File: images/shape/shape3_1.png Graphic file (type png)

<use images/shape/shape3_1.png>
Package pdftex.def Info: images/shape/shape3_1.png used on input line 71.
(pdftex.def)             Requested size: 82.51282pt x 65.35628pt.

<images/shape/shape3_17.png, id=501, 451.9284pt x 357.9774pt>
File: images/shape/shape3_17.png Graphic file (type png)

<use images/shape/shape3_17.png>
Package pdftex.def Info: images/shape/shape3_17.png used on input line 72.
(pdftex.def)             Requested size: 82.51282pt x 65.35628pt.

<images/shape/shape3_33.png, id=502, 451.9284pt x 357.9774pt>
File: images/shape/shape3_33.png Graphic file (type png)

<use images/shape/shape3_33.png>
Package pdftex.def Info: images/shape/shape3_33.png used on input line 73.
(pdftex.def)             Requested size: 82.51282pt x 65.35628pt.

<images/shape/shape3_49.png, id=503, 451.9284pt x 357.9774pt>
File: images/shape/shape3_49.png Graphic file (type png)

<use images/shape/shape3_49.png>
Package pdftex.def Info: images/shape/shape3_49.png used on input line 74.
(pdftex.def)             Requested size: 82.51282pt x 65.35628pt.

<images/shape/shape3_65.png, id=504, 451.9284pt x 357.9774pt>
File: images/shape/shape3_65.png Graphic file (type png)

<use images/shape/shape3_65.png>
Package pdftex.def Info: images/shape/shape3_65.png used on input line 75.
(pdftex.def)             Requested size: 82.51282pt x 65.35628pt.

<images/bump_beta/bump_beta_0_iso_01.pdf, id=506, 360.34625pt x 357.335pt>
File: images/bump_beta/bump_beta_0_iso_01.pdf Graphic file (type pdf)

<use images/bump_beta/bump_beta_0_iso_01.pdf>
Package pdftex.def Info: images/bump_beta/bump_beta_0_iso_01.pdf used on input 
line 103.
(pdftex.def)             Requested size: 44.87848pt x 44.50319pt.

<images/bump_beta/bump_beta_0_iso_05.pdf, id=507, 360.34625pt x 357.335pt>
File: images/bump_beta/bump_beta_0_iso_05.pdf Graphic file (type pdf)

<use images/bump_beta/bump_beta_0_iso_05.pdf>
Package pdftex.def Info: images/bump_beta/bump_beta_0_iso_05.pdf used on input 
line 104.
(pdftex.def)             Requested size: 44.87848pt x 44.50319pt.

<images/bump_beta/bump_beta_0_iso_09.pdf, id=508, 360.34625pt x 357.335pt>
File: images/bump_beta/bump_beta_0_iso_09.pdf Graphic file (type pdf)

<use images/bump_beta/bump_beta_0_iso_09.pdf>
Package pdftex.def Info: images/bump_beta/bump_beta_0_iso_09.pdf used on input 
line 105.
(pdftex.def)             Requested size: 44.87848pt x 44.50319pt.

<images/bump_beta/bump_beta_0_iso_13.pdf, id=509, 360.34625pt x 357.335pt>
File: images/bump_beta/bump_beta_0_iso_13.pdf Graphic file (type pdf)

<use images/bump_beta/bump_beta_0_iso_13.pdf>
Package pdftex.def Info: images/bump_beta/bump_beta_0_iso_13.pdf used on input 
line 106.
(pdftex.def)             Requested size: 44.87848pt x 44.50319pt.

<images/bump_beta/bump_beta_0_iso_17.pdf, id=510, 360.34625pt x 357.335pt>
File: images/bump_beta/bump_beta_0_iso_17.pdf Graphic file (type pdf)

<use images/bump_beta/bump_beta_0_iso_17.pdf>
Package pdftex.def Info: images/bump_beta/bump_beta_0_iso_17.pdf used on input 
line 107.
(pdftex.def)             Requested size: 44.87848pt x 44.50319pt.

<images/bump_beta/bump_beta_0_iso_21.pdf, id=511, 360.34625pt x 357.335pt>
File: images/bump_beta/bump_beta_0_iso_21.pdf Graphic file (type pdf)

<use images/bump_beta/bump_beta_0_iso_21.pdf>
Package pdftex.def Info: images/bump_beta/bump_beta_0_iso_21.pdf used on input 
line 108.
(pdftex.def)             Requested size: 44.87848pt x 44.50319pt.

<images/bump_beta/bump_beta_0_iso_25.pdf, id=512, 360.34625pt x 357.335pt>
File: images/bump_beta/bump_beta_0_iso_25.pdf Graphic file (type pdf)

<use images/bump_beta/bump_beta_0_iso_25.pdf>
Package pdftex.def Info: images/bump_beta/bump_beta_0_iso_25.pdf used on input 
line 109.
(pdftex.def)             Requested size: 44.87848pt x 44.50319pt.

<images/bump_beta/bump_beta_0_iso_29.pdf, id=513, 360.34625pt x 357.335pt>
File: images/bump_beta/bump_beta_0_iso_29.pdf Graphic file (type pdf)

<use images/bump_beta/bump_beta_0_iso_29.pdf>
Package pdftex.def Info: images/bump_beta/bump_beta_0_iso_29.pdf used on input 
line 110.
(pdftex.def)             Requested size: 44.87848pt x 44.50319pt.

<images/bump_beta/bump_beta_0_iso_33.pdf, id=514, 360.34625pt x 357.335pt>
File: images/bump_beta/bump_beta_0_iso_33.pdf Graphic file (type pdf)

<use images/bump_beta/bump_beta_0_iso_33.pdf>
Package pdftex.def Info: images/bump_beta/bump_beta_0_iso_33.pdf used on input 
line 111.
(pdftex.def)             Requested size: 44.87848pt x 44.50319pt.

<images/bump_beta/bump_beta_25_iso_01.pdf, id=515, 360.34625pt x 357.335pt>
File: images/bump_beta/bump_beta_25_iso_01.pdf Graphic file (type pdf)

<use images/bump_beta/bump_beta_25_iso_01.pdf>
Package pdftex.def Info: images/bump_beta/bump_beta_25_iso_01.pdf used on input
 line 113.
(pdftex.def)             Requested size: 44.87848pt x 44.50319pt.

<images/bump_beta/bump_beta_25_iso_05.pdf, id=516, 360.34625pt x 357.335pt>
File: images/bump_beta/bump_beta_25_iso_05.pdf Graphic file (type pdf)

<use images/bump_beta/bump_beta_25_iso_05.pdf>
Package pdftex.def Info: images/bump_beta/bump_beta_25_iso_05.pdf used on input
 line 114.
(pdftex.def)             Requested size: 44.87848pt x 44.50319pt.

<images/bump_beta/bump_beta_25_iso_09.pdf, id=517, 360.34625pt x 357.335pt>
File: images/bump_beta/bump_beta_25_iso_09.pdf Graphic file (type pdf)

<use images/bump_beta/bump_beta_25_iso_09.pdf>
Package pdftex.def Info: images/bump_beta/bump_beta_25_iso_09.pdf used on input
 line 115.
(pdftex.def)             Requested size: 44.87848pt x 44.50319pt.

<images/bump_beta/bump_beta_25_iso_13.pdf, id=518, 360.34625pt x 357.335pt>
File: images/bump_beta/bump_beta_25_iso_13.pdf Graphic file (type pdf)

<use images/bump_beta/bump_beta_25_iso_13.pdf>
Package pdftex.def Info: images/bump_beta/bump_beta_25_iso_13.pdf used on input
 line 116.
(pdftex.def)             Requested size: 44.87848pt x 44.50319pt.

<images/bump_beta/bump_beta_25_iso_17.pdf, id=519, 360.34625pt x 357.335pt>
File: images/bump_beta/bump_beta_25_iso_17.pdf Graphic file (type pdf)

<use images/bump_beta/bump_beta_25_iso_17.pdf>
Package pdftex.def Info: images/bump_beta/bump_beta_25_iso_17.pdf used on input
 line 117.
(pdftex.def)             Requested size: 44.87848pt x 44.50319pt.

<images/bump_beta/bump_beta_25_iso_21.pdf, id=520, 360.34625pt x 357.335pt>
File: images/bump_beta/bump_beta_25_iso_21.pdf Graphic file (type pdf)

<use images/bump_beta/bump_beta_25_iso_21.pdf>
Package pdftex.def Info: images/bump_beta/bump_beta_25_iso_21.pdf used on input
 line 118.
(pdftex.def)             Requested size: 44.87848pt x 44.50319pt.

<images/bump_beta/bump_beta_25_iso_25.pdf, id=521, 360.34625pt x 357.335pt>
File: images/bump_beta/bump_beta_25_iso_25.pdf Graphic file (type pdf)

<use images/bump_beta/bump_beta_25_iso_25.pdf>
Package pdftex.def Info: images/bump_beta/bump_beta_25_iso_25.pdf used on input
 line 119.
(pdftex.def)             Requested size: 44.87848pt x 44.50319pt.

<images/bump_beta/bump_beta_25_iso_29.pdf, id=522, 360.34625pt x 357.335pt>
File: images/bump_beta/bump_beta_25_iso_29.pdf Graphic file (type pdf)

<use images/bump_beta/bump_beta_25_iso_29.pdf>
Package pdftex.def Info: images/bump_beta/bump_beta_25_iso_29.pdf used on input
 line 120.
(pdftex.def)             Requested size: 44.87848pt x 44.50319pt.

<images/bump_beta/bump_beta_25_iso_33.pdf, id=523, 360.34625pt x 357.335pt>
File: images/bump_beta/bump_beta_25_iso_33.pdf Graphic file (type pdf)

<use images/bump_beta/bump_beta_25_iso_33.pdf>
Package pdftex.def Info: images/bump_beta/bump_beta_25_iso_33.pdf used on input
 line 121.
(pdftex.def)             Requested size: 44.87848pt x 44.50319pt.

<images/bump_beta/bump_beta_50_iso_01.pdf, id=524, 360.34625pt x 357.335pt>
File: images/bump_beta/bump_beta_50_iso_01.pdf Graphic file (type pdf)

<use images/bump_beta/bump_beta_50_iso_01.pdf>
Package pdftex.def Info: images/bump_beta/bump_beta_50_iso_01.pdf used on input
 line 123.
(pdftex.def)             Requested size: 44.87848pt x 44.50319pt.

<images/bump_beta/bump_beta_50_iso_05.pdf, id=525, 360.34625pt x 357.335pt>
File: images/bump_beta/bump_beta_50_iso_05.pdf Graphic file (type pdf)

<use images/bump_beta/bump_beta_50_iso_05.pdf>
Package pdftex.def Info: images/bump_beta/bump_beta_50_iso_05.pdf used on input
 line 124.
(pdftex.def)             Requested size: 44.87848pt x 44.50319pt.

<images/bump_beta/bump_beta_50_iso_09.pdf, id=526, 360.34625pt x 357.335pt>
File: images/bump_beta/bump_beta_50_iso_09.pdf Graphic file (type pdf)

<use images/bump_beta/bump_beta_50_iso_09.pdf>
Package pdftex.def Info: images/bump_beta/bump_beta_50_iso_09.pdf used on input
 line 125.
(pdftex.def)             Requested size: 44.87848pt x 44.50319pt.

<images/bump_beta/bump_beta_50_iso_13.pdf, id=527, 360.34625pt x 357.335pt>
File: images/bump_beta/bump_beta_50_iso_13.pdf Graphic file (type pdf)

<use images/bump_beta/bump_beta_50_iso_13.pdf>
Package pdftex.def Info: images/bump_beta/bump_beta_50_iso_13.pdf used on input
 line 126.
(pdftex.def)             Requested size: 44.87848pt x 44.50319pt.

<images/bump_beta/bump_beta_50_iso_17.pdf, id=528, 360.34625pt x 357.335pt>
File: images/bump_beta/bump_beta_50_iso_17.pdf Graphic file (type pdf)

<use images/bump_beta/bump_beta_50_iso_17.pdf>
Package pdftex.def Info: images/bump_beta/bump_beta_50_iso_17.pdf used on input
 line 127.
(pdftex.def)             Requested size: 44.87848pt x 44.50319pt.

<images/bump_beta/bump_beta_50_iso_21.pdf, id=529, 360.34625pt x 357.335pt>
File: images/bump_beta/bump_beta_50_iso_21.pdf Graphic file (type pdf)

<use images/bump_beta/bump_beta_50_iso_21.pdf>
Package pdftex.def Info: images/bump_beta/bump_beta_50_iso_21.pdf used on input
 line 128.
(pdftex.def)             Requested size: 44.87848pt x 44.50319pt.

<images/bump_beta/bump_beta_50_iso_25.pdf, id=530, 360.34625pt x 357.335pt>
File: images/bump_beta/bump_beta_50_iso_25.pdf Graphic file (type pdf)

<use images/bump_beta/bump_beta_50_iso_25.pdf>
Package pdftex.def Info: images/bump_beta/bump_beta_50_iso_25.pdf used on input
 line 129.
(pdftex.def)             Requested size: 44.87848pt x 44.50319pt.

<images/bump_beta/bump_beta_50_iso_29.pdf, id=531, 360.34625pt x 357.335pt>
File: images/bump_beta/bump_beta_50_iso_29.pdf Graphic file (type pdf)

<use images/bump_beta/bump_beta_50_iso_29.pdf>
Package pdftex.def Info: images/bump_beta/bump_beta_50_iso_29.pdf used on input
 line 130.
(pdftex.def)             Requested size: 44.87848pt x 44.50319pt.

<images/bump_beta/bump_beta_50_iso_33.pdf, id=532, 360.34625pt x 357.335pt>
File: images/bump_beta/bump_beta_50_iso_33.pdf Graphic file (type pdf)

<use images/bump_beta/bump_beta_50_iso_33.pdf>
Package pdftex.def Info: images/bump_beta/bump_beta_50_iso_33.pdf used on input
 line 131.
(pdftex.def)             Requested size: 44.87848pt x 44.50319pt.

<images/bump_beta/bump_beta_75_iso_01.pdf, id=533, 360.34625pt x 357.335pt>
File: images/bump_beta/bump_beta_75_iso_01.pdf Graphic file (type pdf)

<use images/bump_beta/bump_beta_75_iso_01.pdf>
Package pdftex.def Info: images/bump_beta/bump_beta_75_iso_01.pdf used on input
 line 133.
(pdftex.def)             Requested size: 44.87848pt x 44.50319pt.

<images/bump_beta/bump_beta_75_iso_05.pdf, id=534, 360.34625pt x 357.335pt>
File: images/bump_beta/bump_beta_75_iso_05.pdf Graphic file (type pdf)

<use images/bump_beta/bump_beta_75_iso_05.pdf>
Package pdftex.def Info: images/bump_beta/bump_beta_75_iso_05.pdf used on input
 line 134.
(pdftex.def)             Requested size: 44.87848pt x 44.50319pt.

<images/bump_beta/bump_beta_75_iso_09.pdf, id=535, 360.34625pt x 357.335pt>
File: images/bump_beta/bump_beta_75_iso_09.pdf Graphic file (type pdf)

<use images/bump_beta/bump_beta_75_iso_09.pdf>
Package pdftex.def Info: images/bump_beta/bump_beta_75_iso_09.pdf used on input
 line 135.
(pdftex.def)             Requested size: 44.87848pt x 44.50319pt.

<images/bump_beta/bump_beta_75_iso_13.pdf, id=536, 360.34625pt x 357.335pt>
File: images/bump_beta/bump_beta_75_iso_13.pdf Graphic file (type pdf)

<use images/bump_beta/bump_beta_75_iso_13.pdf>
Package pdftex.def Info: images/bump_beta/bump_beta_75_iso_13.pdf used on input
 line 136.
(pdftex.def)             Requested size: 44.87848pt x 44.50319pt.

<images/bump_beta/bump_beta_75_iso_17.pdf, id=537, 360.34625pt x 357.335pt>
File: images/bump_beta/bump_beta_75_iso_17.pdf Graphic file (type pdf)

<use images/bump_beta/bump_beta_75_iso_17.pdf>
Package pdftex.def Info: images/bump_beta/bump_beta_75_iso_17.pdf used on input
 line 137.
(pdftex.def)             Requested size: 44.87848pt x 44.50319pt.

<images/bump_beta/bump_beta_75_iso_21.pdf, id=538, 360.34625pt x 357.335pt>
File: images/bump_beta/bump_beta_75_iso_21.pdf Graphic file (type pdf)

<use images/bump_beta/bump_beta_75_iso_21.pdf>
Package pdftex.def Info: images/bump_beta/bump_beta_75_iso_21.pdf used on input
 line 138.
(pdftex.def)             Requested size: 44.87848pt x 44.50319pt.

<images/bump_beta/bump_beta_75_iso_25.pdf, id=539, 360.34625pt x 357.335pt>
File: images/bump_beta/bump_beta_75_iso_25.pdf Graphic file (type pdf)

<use images/bump_beta/bump_beta_75_iso_25.pdf>
Package pdftex.def Info: images/bump_beta/bump_beta_75_iso_25.pdf used on input
 line 139.
(pdftex.def)             Requested size: 44.87848pt x 44.50319pt.

<images/bump_beta/bump_beta_75_iso_29.pdf, id=540, 360.34625pt x 357.335pt>
File: images/bump_beta/bump_beta_75_iso_29.pdf Graphic file (type pdf)

<use images/bump_beta/bump_beta_75_iso_29.pdf>
Package pdftex.def Info: images/bump_beta/bump_beta_75_iso_29.pdf used on input
 line 140.
(pdftex.def)             Requested size: 44.87848pt x 44.50319pt.

<images/bump_beta/bump_beta_75_iso_33.pdf, id=541, 360.34625pt x 357.335pt>
File: images/bump_beta/bump_beta_75_iso_33.pdf Graphic file (type pdf)

<use images/bump_beta/bump_beta_75_iso_33.pdf>
Package pdftex.def Info: images/bump_beta/bump_beta_75_iso_33.pdf used on input
 line 141.
(pdftex.def)             Requested size: 44.87848pt x 44.50319pt.

<images/bump_beta/bump_beta_100_iso_01.pdf, id=542, 360.34625pt x 357.335pt>
File: images/bump_beta/bump_beta_100_iso_01.pdf Graphic file (type pdf)

<use images/bump_beta/bump_beta_100_iso_01.pdf>
Package pdftex.def Info: images/bump_beta/bump_beta_100_iso_01.pdf used on inpu
t line 143.
(pdftex.def)             Requested size: 44.87848pt x 44.50319pt.

<images/bump_beta/bump_beta_100_iso_05.pdf, id=543, 360.34625pt x 357.335pt>
File: images/bump_beta/bump_beta_100_iso_05.pdf Graphic file (type pdf)

<use images/bump_beta/bump_beta_100_iso_05.pdf>
Package pdftex.def Info: images/bump_beta/bump_beta_100_iso_05.pdf used on inpu
t line 144.
(pdftex.def)             Requested size: 44.87848pt x 44.50319pt.

<images/bump_beta/bump_beta_100_iso_09.pdf, id=544, 360.34625pt x 357.335pt>
File: images/bump_beta/bump_beta_100_iso_09.pdf Graphic file (type pdf)

<use images/bump_beta/bump_beta_100_iso_09.pdf>
Package pdftex.def Info: images/bump_beta/bump_beta_100_iso_09.pdf used on inpu
t line 145.
(pdftex.def)             Requested size: 44.87848pt x 44.50319pt.

<images/bump_beta/bump_beta_100_iso_13.pdf, id=545, 360.34625pt x 357.335pt>
File: images/bump_beta/bump_beta_100_iso_13.pdf Graphic file (type pdf)

<use images/bump_beta/bump_beta_100_iso_13.pdf>
Package pdftex.def Info: images/bump_beta/bump_beta_100_iso_13.pdf used on inpu
t line 146.
(pdftex.def)             Requested size: 44.87848pt x 44.50319pt.

<images/bump_beta/bump_beta_100_iso_17.pdf, id=546, 360.34625pt x 357.335pt>
File: images/bump_beta/bump_beta_100_iso_17.pdf Graphic file (type pdf)

<use images/bump_beta/bump_beta_100_iso_17.pdf>
Package pdftex.def Info: images/bump_beta/bump_beta_100_iso_17.pdf used on inpu
t line 147.
(pdftex.def)             Requested size: 44.87848pt x 44.50319pt.

<images/bump_beta/bump_beta_100_iso_21.pdf, id=547, 360.34625pt x 357.335pt>
File: images/bump_beta/bump_beta_100_iso_21.pdf Graphic file (type pdf)

<use images/bump_beta/bump_beta_100_iso_21.pdf>
Package pdftex.def Info: images/bump_beta/bump_beta_100_iso_21.pdf used on inpu
t line 148.
(pdftex.def)             Requested size: 44.87848pt x 44.50319pt.

<images/bump_beta/bump_beta_100_iso_25.pdf, id=548, 360.34625pt x 357.335pt>
File: images/bump_beta/bump_beta_100_iso_25.pdf Graphic file (type pdf)

<use images/bump_beta/bump_beta_100_iso_25.pdf>
Package pdftex.def Info: images/bump_beta/bump_beta_100_iso_25.pdf used on inpu
t line 149.
(pdftex.def)             Requested size: 44.87848pt x 44.50319pt.

<images/bump_beta/bump_beta_100_iso_29.pdf, id=549, 360.34625pt x 357.335pt>
File: images/bump_beta/bump_beta_100_iso_29.pdf Graphic file (type pdf)

<use images/bump_beta/bump_beta_100_iso_29.pdf>
Package pdftex.def Info: images/bump_beta/bump_beta_100_iso_29.pdf used on inpu
t line 150.
(pdftex.def)             Requested size: 44.87848pt x 44.50319pt.

<images/bump_beta/bump_beta_100_iso_33.pdf, id=550, 360.34625pt x 357.335pt>
File: images/bump_beta/bump_beta_100_iso_33.pdf Graphic file (type pdf)

<use images/bump_beta/bump_beta_100_iso_33.pdf>
Package pdftex.def Info: images/bump_beta/bump_beta_100_iso_33.pdf used on inpu
t line 151.
(pdftex.def)             Requested size: 44.87848pt x 44.50319pt.

<images/J_05.png, id=554, 834.11626pt x 581.17125pt>
File: images/J_05.png Graphic file (type png)
 <use images/J_05.png>
Package pdftex.def Info: images/J_05.png used on input line 170.
(pdftex.def)             Requested size: 132.50273pt x 95.58745pt.

<images/M_05.png, id=556, 834.11626pt x 581.17125pt>
File: images/M_05.png Graphic file (type png)
 <use images/M_05.png>
Package pdftex.def Info: images/M_05.png used on input line 171.
(pdftex.def)             Requested size: 132.50273pt x 95.58745pt.

<images/F_05.png, id=558, 834.11626pt x 581.17125pt>
File: images/F_05.png Graphic file (type png)
 <use images/F_05.png>
Package pdftex.def Info: images/F_05.png used on input line 172.
(pdftex.def)             Requested size: 132.50273pt x 95.58745pt.

<images/J_075.png, id=560, 834.11626pt x 581.17125pt>
File: images/J_075.png Graphic file (type png)
 <use images/J_075.png>
Package pdftex.def Info: images/J_075.png used on input line 174.
(pdftex.def)             Requested size: 132.50273pt x 95.58745pt.

<images/M_075.png, id=562, 834.11626pt x 581.17125pt>
File: images/M_075.png Graphic file (type png)
 <use images/M_075.png>
Package pdftex.def Info: images/M_075.png used on input line 175.
(pdftex.def)             Requested size: 132.50273pt x 95.58745pt.

<images/F_075.png, id=564, 834.11626pt x 581.17125pt>
File: images/F_075.png Graphic file (type png)
 <use images/F_075.png>
Package pdftex.def Info: images/F_075.png used on input line 176.
(pdftex.def)             Requested size: 132.50273pt x 95.58745pt.

[16pdfTeX warning (ext4): destination with the same identifier (name{figure.2})
 has been already used, duplicate ignored

\AtBegShi@Output ...ipout \box \AtBeginShipoutBox 
                                                  \fi \fi 
l.182 \end{figure}
                  pdfTeX warning (ext4): destination with the same identifier (
name{figure.3}) has been already used, duplicate ignored

\AtBegShi@Output ...ipout \box \AtBeginShipoutBox 
                                                  \fi \fi 
l.182 \end{figure}
                   <./images/J.png (PNG copy)> <./images/M.png (PNG copy)> <./i
mages/F.png (PNG copy)> <./images/Minvalue.png (PNG copy)> <./images/shape/shap
e3_1.png> <./images/shape/shape3_17.png> <./images/shape/shape3_33.png> <./imag
es/shape/shape3_49.png> <./images/shape/shape3_65.png>]
<images/MK/MK_beta0_01.pdf, id=583, 75.28125pt x 100.375pt>
File: images/MK/MK_beta0_01.pdf Graphic file (type pdf)

<use images/MK/MK_beta0_01.pdf>
Package pdftex.def Info: images/MK/MK_beta0_01.pdf used on input line 194.
(pdftex.def)             Requested size: 55.56818pt x 74.09406pt.

<images/MK/MK_beta0_11.pdf, id=584, 75.28125pt x 100.375pt>
File: images/MK/MK_beta0_11.pdf Graphic file (type pdf)

<use images/MK/MK_beta0_11.pdf>
Package pdftex.def Info: images/MK/MK_beta0_11.pdf used on input line 195.
(pdftex.def)             Requested size: 55.56818pt x 74.09406pt.

<images/MK/MK_beta0_21.pdf, id=585, 75.28125pt x 100.375pt>
File: images/MK/MK_beta0_21.pdf Graphic file (type pdf)

<use images/MK/MK_beta0_21.pdf>
Package pdftex.def Info: images/MK/MK_beta0_21.pdf used on input line 196.
(pdftex.def)             Requested size: 55.56818pt x 74.09406pt.

<images/MK/MK_beta0_31.pdf, id=586, 75.28125pt x 100.375pt>
File: images/MK/MK_beta0_31.pdf Graphic file (type pdf)

<use images/MK/MK_beta0_31.pdf>
Package pdftex.def Info: images/MK/MK_beta0_31.pdf used on input line 197.
(pdftex.def)             Requested size: 55.56818pt x 74.09406pt.

<images/MK/MK_beta0_41.pdf, id=587, 75.28125pt x 100.375pt>
File: images/MK/MK_beta0_41.pdf Graphic file (type pdf)

<use images/MK/MK_beta0_41.pdf>
Package pdftex.def Info: images/MK/MK_beta0_41.pdf used on input line 198.
(pdftex.def)             Requested size: 55.56818pt x 74.09406pt.

<images/MK/MK_beta0_51.pdf, id=588, 75.28125pt x 100.375pt>
File: images/MK/MK_beta0_51.pdf Graphic file (type pdf)

<use images/MK/MK_beta0_51.pdf>
Package pdftex.def Info: images/MK/MK_beta0_51.pdf used on input line 199.
(pdftex.def)             Requested size: 55.56818pt x 74.09406pt.

<images/MK/MK_beta0_61.pdf, id=589, 75.28125pt x 100.375pt>
File: images/MK/MK_beta0_61.pdf Graphic file (type pdf)

<use images/MK/MK_beta0_61.pdf>
Package pdftex.def Info: images/MK/MK_beta0_61.pdf used on input line 200.
(pdftex.def)             Requested size: 55.56818pt x 74.09406pt.

<images/MK/MK_beta025_01.pdf, id=590, 75.28125pt x 100.375pt>
File: images/MK/MK_beta025_01.pdf Graphic file (type pdf)

<use images/MK/MK_beta025_01.pdf>
Package pdftex.def Info: images/MK/MK_beta025_01.pdf used on input line 202.
(pdftex.def)             Requested size: 55.56818pt x 74.09406pt.

<images/MK/MK_beta025_11.pdf, id=591, 75.28125pt x 100.375pt>
File: images/MK/MK_beta025_11.pdf Graphic file (type pdf)

<use images/MK/MK_beta025_11.pdf>
Package pdftex.def Info: images/MK/MK_beta025_11.pdf used on input line 203.
(pdftex.def)             Requested size: 55.56818pt x 74.09406pt.

<images/MK/MK_beta025_21.pdf, id=592, 75.28125pt x 100.375pt>
File: images/MK/MK_beta025_21.pdf Graphic file (type pdf)

<use images/MK/MK_beta025_21.pdf>
Package pdftex.def Info: images/MK/MK_beta025_21.pdf used on input line 204.
(pdftex.def)             Requested size: 55.56818pt x 74.09406pt.

<images/MK/MK_beta025_31.pdf, id=593, 75.28125pt x 100.375pt>
File: images/MK/MK_beta025_31.pdf Graphic file (type pdf)

<use images/MK/MK_beta025_31.pdf>
Package pdftex.def Info: images/MK/MK_beta025_31.pdf used on input line 205.
(pdftex.def)             Requested size: 55.56818pt x 74.09406pt.

<images/MK/MK_beta025_41.pdf, id=594, 75.28125pt x 100.375pt>
File: images/MK/MK_beta025_41.pdf Graphic file (type pdf)

<use images/MK/MK_beta025_41.pdf>
Package pdftex.def Info: images/MK/MK_beta025_41.pdf used on input line 206.
(pdftex.def)             Requested size: 55.56818pt x 74.09406pt.

<images/MK/MK_beta025_51.pdf, id=595, 75.28125pt x 100.375pt>
File: images/MK/MK_beta025_51.pdf Graphic file (type pdf)

<use images/MK/MK_beta025_51.pdf>
Package pdftex.def Info: images/MK/MK_beta025_51.pdf used on input line 207.
(pdftex.def)             Requested size: 55.56818pt x 74.09406pt.

<images/MK/MK_beta025_61.pdf, id=596, 75.28125pt x 100.375pt>
File: images/MK/MK_beta025_61.pdf Graphic file (type pdf)

<use images/MK/MK_beta025_61.pdf>
Package pdftex.def Info: images/MK/MK_beta025_61.pdf used on input line 208.
(pdftex.def)             Requested size: 55.56818pt x 74.09406pt.

<images/MK/MK_beta05_01.pdf, id=597, 75.28125pt x 100.375pt>
File: images/MK/MK_beta05_01.pdf Graphic file (type pdf)

<use images/MK/MK_beta05_01.pdf>
Package pdftex.def Info: images/MK/MK_beta05_01.pdf used on input line 210.
(pdftex.def)             Requested size: 55.56818pt x 74.09406pt.

<images/MK/MK_beta05_11.pdf, id=598, 75.28125pt x 100.375pt>
File: images/MK/MK_beta05_11.pdf Graphic file (type pdf)

<use images/MK/MK_beta05_11.pdf>
Package pdftex.def Info: images/MK/MK_beta05_11.pdf used on input line 211.
(pdftex.def)             Requested size: 55.56818pt x 74.09406pt.

<images/MK/MK_beta05_21.pdf, id=599, 75.28125pt x 100.375pt>
File: images/MK/MK_beta05_21.pdf Graphic file (type pdf)

<use images/MK/MK_beta05_21.pdf>
Package pdftex.def Info: images/MK/MK_beta05_21.pdf used on input line 212.
(pdftex.def)             Requested size: 55.56818pt x 74.09406pt.

<images/MK/MK_beta05_31.pdf, id=600, 75.28125pt x 100.375pt>
File: images/MK/MK_beta05_31.pdf Graphic file (type pdf)

<use images/MK/MK_beta05_31.pdf>
Package pdftex.def Info: images/MK/MK_beta05_31.pdf used on input line 213.
(pdftex.def)             Requested size: 55.56818pt x 74.09406pt.

<images/MK/MK_beta05_41.pdf, id=601, 75.28125pt x 100.375pt>
File: images/MK/MK_beta05_41.pdf Graphic file (type pdf)

<use images/MK/MK_beta05_41.pdf>
Package pdftex.def Info: images/MK/MK_beta05_41.pdf used on input line 214.
(pdftex.def)             Requested size: 55.56818pt x 74.09406pt.

<images/MK/MK_beta05_51.pdf, id=602, 75.28125pt x 100.375pt>
File: images/MK/MK_beta05_51.pdf Graphic file (type pdf)

<use images/MK/MK_beta05_51.pdf>
Package pdftex.def Info: images/MK/MK_beta05_51.pdf used on input line 215.
(pdftex.def)             Requested size: 55.56818pt x 74.09406pt.

<images/MK/MK_beta05_61.pdf, id=603, 75.28125pt x 100.375pt>
File: images/MK/MK_beta05_61.pdf Graphic file (type pdf)

<use images/MK/MK_beta05_61.pdf>
Package pdftex.def Info: images/MK/MK_beta05_61.pdf used on input line 216.
(pdftex.def)             Requested size: 55.56818pt x 74.09406pt.

<images/MK/MK_beta075_01.pdf, id=604, 75.28125pt x 100.375pt>
File: images/MK/MK_beta075_01.pdf Graphic file (type pdf)

<use images/MK/MK_beta075_01.pdf>
Package pdftex.def Info: images/MK/MK_beta075_01.pdf used on input line 218.
(pdftex.def)             Requested size: 55.56818pt x 74.09406pt.

<images/MK/MK_beta075_11.pdf, id=605, 75.28125pt x 100.375pt>
File: images/MK/MK_beta075_11.pdf Graphic file (type pdf)

<use images/MK/MK_beta075_11.pdf>
Package pdftex.def Info: images/MK/MK_beta075_11.pdf used on input line 219.
(pdftex.def)             Requested size: 55.56818pt x 74.09406pt.

<images/MK/MK_beta075_21.pdf, id=606, 75.28125pt x 100.375pt>
File: images/MK/MK_beta075_21.pdf Graphic file (type pdf)

<use images/MK/MK_beta075_21.pdf>
Package pdftex.def Info: images/MK/MK_beta075_21.pdf used on input line 220.
(pdftex.def)             Requested size: 55.56818pt x 74.09406pt.

<images/MK/MK_beta075_31.pdf, id=607, 75.28125pt x 100.375pt>
File: images/MK/MK_beta075_31.pdf Graphic file (type pdf)

<use images/MK/MK_beta075_31.pdf>
Package pdftex.def Info: images/MK/MK_beta075_31.pdf used on input line 221.
(pdftex.def)             Requested size: 55.56818pt x 74.09406pt.

<images/MK/MK_beta075_41.pdf, id=608, 75.28125pt x 100.375pt>
File: images/MK/MK_beta075_41.pdf Graphic file (type pdf)

<use images/MK/MK_beta075_41.pdf>
Package pdftex.def Info: images/MK/MK_beta075_41.pdf used on input line 222.
(pdftex.def)             Requested size: 55.56818pt x 74.09406pt.

<images/MK/MK_beta075_51.pdf, id=609, 75.28125pt x 100.375pt>
File: images/MK/MK_beta075_51.pdf Graphic file (type pdf)

<use images/MK/MK_beta075_51.pdf>
Package pdftex.def Info: images/MK/MK_beta075_51.pdf used on input line 223.
(pdftex.def)             Requested size: 55.56818pt x 74.09406pt.

<images/MK/MK_beta075_61.pdf, id=610, 75.28125pt x 100.375pt>
File: images/MK/MK_beta075_61.pdf Graphic file (type pdf)

<use images/MK/MK_beta075_61.pdf>
Package pdftex.def Info: images/MK/MK_beta075_61.pdf used on input line 224.
(pdftex.def)             Requested size: 55.56818pt x 74.09406pt.

<images/MK/MK_beta1_01.pdf, id=611, 75.28125pt x 100.375pt>
File: images/MK/MK_beta1_01.pdf Graphic file (type pdf)

<use images/MK/MK_beta1_01.pdf>
Package pdftex.def Info: images/MK/MK_beta1_01.pdf used on input line 226.
(pdftex.def)             Requested size: 55.56818pt x 74.09406pt.

<images/MK/MK_beta1_11.pdf, id=612, 75.28125pt x 100.375pt>
File: images/MK/MK_beta1_11.pdf Graphic file (type pdf)

<use images/MK/MK_beta1_11.pdf>
Package pdftex.def Info: images/MK/MK_beta1_11.pdf used on input line 227.
(pdftex.def)             Requested size: 55.56818pt x 74.09406pt.

<images/MK/MK_beta1_21.pdf, id=613, 75.28125pt x 100.375pt>
File: images/MK/MK_beta1_21.pdf Graphic file (type pdf)

<use images/MK/MK_beta1_21.pdf>
Package pdftex.def Info: images/MK/MK_beta1_21.pdf used on input line 228.
(pdftex.def)             Requested size: 55.56818pt x 74.09406pt.

<images/MK/MK_beta1_31.pdf, id=614, 75.28125pt x 100.375pt>
File: images/MK/MK_beta1_31.pdf Graphic file (type pdf)

<use images/MK/MK_beta1_31.pdf>
Package pdftex.def Info: images/MK/MK_beta1_31.pdf used on input line 229.
(pdftex.def)             Requested size: 55.56818pt x 74.09406pt.

<images/MK/MK_beta1_41.pdf, id=615, 75.28125pt x 100.375pt>
File: images/MK/MK_beta1_41.pdf Graphic file (type pdf)

<use images/MK/MK_beta1_41.pdf>
Package pdftex.def Info: images/MK/MK_beta1_41.pdf used on input line 230.
(pdftex.def)             Requested size: 55.56818pt x 74.09406pt.

<images/MK/MK_beta1_51.pdf, id=616, 75.28125pt x 100.375pt>
File: images/MK/MK_beta1_51.pdf Graphic file (type pdf)

<use images/MK/MK_beta1_51.pdf>
Package pdftex.def Info: images/MK/MK_beta1_51.pdf used on input line 231.
(pdftex.def)             Requested size: 55.56818pt x 74.09406pt.

<images/MK/MK_beta1_61.pdf, id=617, 75.28125pt x 100.375pt>
File: images/MK/MK_beta1_61.pdf Graphic file (type pdf)

<use images/MK/MK_beta1_61.pdf>
Package pdftex.def Info: images/MK/MK_beta1_61.pdf used on input line 232.
(pdftex.def)             Requested size: 55.56818pt x 74.09406pt.

Underfull \vbox (badness 1348) has occurred while \output is active []

 [17pdfTeX warning (ext4): destination with the same identifier (name{figure.4}
) has been already used, duplicate ignored

\AtBegShi@Output ...ipout \box \AtBeginShipoutBox 
                                                  \fi \fi 
l.252 
      pdfTeX warning (ext4): destination with the same identifier (name{figure.
5}) has been already used, duplicate ignored

\AtBegShi@Output ...ipout \box \AtBeginShipoutBox 
                                                  \fi \fi 
l.252 
       <./images/J_05.png (PNG copy)> <./images/M_05.png (PNG copy)> <./images/
F_05.png (PNG copy)> <./images/J_075.png (PNG copy)> <./images/M_075.png (PNG c
opy)> <./images/F_075.png (PNG copy)> <./images/bump_beta/bump_beta_0_iso_01.pd
f> <./images/bump_beta/bump_beta_0_iso_05.pdf> <./images/bump_beta/bump_beta_0_
iso_09.pdf> <./images/bump_beta/bump_beta_0_iso_13.pdf> <./images/bump_beta/bum
p_beta_0_iso_17.pdf> <./images/bump_beta/bump_beta_0_iso_21.pdf> <./images/bump
_beta/bump_beta_0_iso_25.pdf> <./images/bump_beta/bump_beta_0_iso_29.pdf> <./im
ages/bump_beta/bump_beta_0_iso_33.pdf> <./images/bump_beta/bump_beta_25_iso_01.
pdf> <./images/bump_beta/bump_beta_25_iso_05.pdf> <./images/bump_beta/bump_beta
_25_iso_09.pdf> <./images/bump_beta/bump_beta_25_iso_13.pdf> <./images/bump_bet
a/bump_beta_25_iso_17.pdf> <./images/bump_beta/bump_beta_25_iso_21.pdf> <./imag
es/bump_beta/bump_beta_25_iso_25.pdf> <./images/bump_beta/bump_beta_25_iso_29.p
df> <./images/bump_beta/bump_beta_25_iso_33.pdf> <./images/bump_beta/bump_beta_
50_iso_01.pdf> <./images/bump_beta/bump_beta_50_iso_05.pdf> <./images/bump_beta
/bump_beta_50_iso_09.pdf> <./images/bump_beta/bump_beta_50_iso_13.pdf> <./image
s/bump_beta/bump_beta_50_iso_17.pdf> <./images/bump_beta/bump_beta_50_iso_21.pd
f> <./images/bump_beta/bump_beta_50_iso_25.pdf> <./images/bump_beta/bump_beta_5
0_iso_29.pdf> <./images/bump_beta/bump_beta_50_iso_33.pdf> <./images/bump_beta/
bump_beta_75_iso_01.pdf> <./images/bump_beta/bump_beta_75_iso_05.pdf> <./images
/bump_beta/bump_beta_75_iso_09.pdf> <./images/bump_beta/bump_beta_75_iso_13.pdf
> <./images/bump_beta/bump_beta_75_iso_17.pdf> <./images/bump_beta/bump_beta_75
_iso_21.pdf> <./images/bump_beta/bump_beta_75_iso_25.pdf> <./images/bump_beta/b
ump_beta_75_iso_29.pdf> <./images/bump_beta/bump_beta_75_iso_33.pdf> <./images/
bump_beta/bump_beta_100_iso_01.pdf> <./images/bump_beta/bump_beta_100_iso_05.pd
f> <./images/bump_beta/bump_beta_100_iso_09.pdf> <./images/bump_beta/bump_beta_
100_iso_13.pdf> <./images/bump_beta/bump_beta_100_iso_17.pdf> <./images/bump_be
ta/bump_beta_100_iso_21.pdf> <./images/bump_beta/bump_beta_100_iso_25.pdf> <./i
mages/bump_beta/bump_beta_100_iso_29.pdf> <./images/bump_beta/bump_beta_100_iso
_33.pdf>]
<images/labyrinthe/bump_obstacle5_iso_001.pdf, id=722, 357.335pt x 358.33875pt>
File: images/labyrinthe/bump_obstacle5_iso_001.pdf Graphic file (type pdf)
<use images/labyrinthe/bump_obstacle5_iso_001.pdf>
Package pdftex.def Info: images/labyrinthe/bump_obstacle5_iso_001.pdf used on i
nput line 267.
(pdftex.def)             Requested size: 83.35228pt x 83.58629pt.

<images/labyrinthe/bump_obstacle5_iso_012.pdf, id=723, 357.335pt x 358.33875pt>
File: images/labyrinthe/bump_obstacle5_iso_012.pdf Graphic file (type pdf)
<use images/labyrinthe/bump_obstacle5_iso_012.pdf>
Package pdftex.def Info: images/labyrinthe/bump_obstacle5_iso_012.pdf used on i
nput line 268.
(pdftex.def)             Requested size: 83.35228pt x 83.58629pt.

<images/labyrinthe/bump_obstacle5_iso_023.pdf, id=724, 357.335pt x 358.33875pt>
File: images/labyrinthe/bump_obstacle5_iso_023.pdf Graphic file (type pdf)
<use images/labyrinthe/bump_obstacle5_iso_023.pdf>
Package pdftex.def Info: images/labyrinthe/bump_obstacle5_iso_023.pdf used on i
nput line 269.
(pdftex.def)             Requested size: 83.35228pt x 83.58629pt.

<images/labyrinthe/bump_obstacle5_iso_034.pdf, id=725, 357.335pt x 358.33875pt>
File: images/labyrinthe/bump_obstacle5_iso_034.pdf Graphic file (type pdf)
<use images/labyrinthe/bump_obstacle5_iso_034.pdf>
Package pdftex.def Info: images/labyrinthe/bump_obstacle5_iso_034.pdf used on i
nput line 270.
(pdftex.def)             Requested size: 83.35228pt x 83.58629pt.

<images/labyrinthe/bump_obstacle5_iso_045.pdf, id=726, 357.335pt x 358.33875pt>
File: images/labyrinthe/bump_obstacle5_iso_045.pdf Graphic file (type pdf)
<use images/labyrinthe/bump_obstacle5_iso_045.pdf>
Package pdftex.def Info: images/labyrinthe/bump_obstacle5_iso_045.pdf used on i
nput line 271.
(pdftex.def)             Requested size: 83.35228pt x 83.58629pt.

<images/labyrinthe/bump_obstacle5_iso_056.pdf, id=727, 357.335pt x 358.33875pt>
File: images/labyrinthe/bump_obstacle5_iso_056.pdf Graphic file (type pdf)
<use images/labyrinthe/bump_obstacle5_iso_056.pdf>
Package pdftex.def Info: images/labyrinthe/bump_obstacle5_iso_056.pdf used on i
nput line 277.
(pdftex.def)             Requested size: 83.35228pt x 83.58629pt.

<images/labyrinthe/bump_obstacle5_iso_067.pdf, id=728, 357.335pt x 358.33875pt>
File: images/labyrinthe/bump_obstacle5_iso_067.pdf Graphic file (type pdf)
<use images/labyrinthe/bump_obstacle5_iso_067.pdf>
Package pdftex.def Info: images/labyrinthe/bump_obstacle5_iso_067.pdf used on i
nput line 278.
(pdftex.def)             Requested size: 83.35228pt x 83.58629pt.

<images/labyrinthe/bump_obstacle5_iso_078.pdf, id=729, 357.335pt x 358.33875pt>
File: images/labyrinthe/bump_obstacle5_iso_078.pdf Graphic file (type pdf)
<use images/labyrinthe/bump_obstacle5_iso_078.pdf>
Package pdftex.def Info: images/labyrinthe/bump_obstacle5_iso_078.pdf used on i
nput line 279.
(pdftex.def)             Requested size: 83.35228pt x 83.58629pt.

<images/labyrinthe/bump_obstacle5_iso_089.pdf, id=730, 357.335pt x 358.33875pt>
File: images/labyrinthe/bump_obstacle5_iso_089.pdf Graphic file (type pdf)
<use images/labyrinthe/bump_obstacle5_iso_089.pdf>
Package pdftex.def Info: images/labyrinthe/bump_obstacle5_iso_089.pdf used on i
nput line 280.
(pdftex.def)             Requested size: 83.35228pt x 83.58629pt.

<images/labyrinthe/bump_obstacle5_iso_101.pdf, id=731, 357.335pt x 358.33875pt>
File: images/labyrinthe/bump_obstacle5_iso_101.pdf Graphic file (type pdf)
<use images/labyrinthe/bump_obstacle5_iso_101.pdf>
Package pdftex.def Info: images/labyrinthe/bump_obstacle5_iso_101.pdf used on i
nput line 281.
(pdftex.def)             Requested size: 83.35228pt x 83.58629pt.

<images/labyrinthe4/bump_obstacle6_iso_001.pdf, id=733, 357.335pt x 358.33875pt
>
File: images/labyrinthe4/bump_obstacle6_iso_001.pdf Graphic file (type pdf)
 <use images/labyrinthe4/bump_obstacle6_iso_001.pdf>
Package pdftex.def Info: images/labyrinthe4/bump_obstacle6_iso_001.pdf used on 
input line 302.
(pdftex.def)             Requested size: 83.35228pt x 83.58629pt.

<images/labyrinthe4/bump_obstacle6_iso_012.pdf, id=734, 357.335pt x 358.33875pt
>
File: images/labyrinthe4/bump_obstacle6_iso_012.pdf Graphic file (type pdf)
 <use images/labyrinthe4/bump_obstacle6_iso_012.pdf>
Package pdftex.def Info: images/labyrinthe4/bump_obstacle6_iso_012.pdf used on 
input line 303.
(pdftex.def)             Requested size: 83.35228pt x 83.58629pt.

<images/labyrinthe4/bump_obstacle6_iso_023.pdf, id=735, 357.335pt x 358.33875pt
>
File: images/labyrinthe4/bump_obstacle6_iso_023.pdf Graphic file (type pdf)
 <use images/labyrinthe4/bump_obstacle6_iso_023.pdf>
Package pdftex.def Info: images/labyrinthe4/bump_obstacle6_iso_023.pdf used on 
input line 304.
(pdftex.def)             Requested size: 83.35228pt x 83.58629pt.

<images/labyrinthe4/bump_obstacle6_iso_034.pdf, id=736, 357.335pt x 358.33875pt
>
File: images/labyrinthe4/bump_obstacle6_iso_034.pdf Graphic file (type pdf)
 <use images/labyrinthe4/bump_obstacle6_iso_034.pdf>
Package pdftex.def Info: images/labyrinthe4/bump_obstacle6_iso_034.pdf used on 
input line 305.
(pdftex.def)             Requested size: 83.35228pt x 83.58629pt.

<images/labyrinthe4/bump_obstacle6_iso_045.pdf, id=737, 357.335pt x 358.33875pt
>
File: images/labyrinthe4/bump_obstacle6_iso_045.pdf Graphic file (type pdf)
 <use images/labyrinthe4/bump_obstacle6_iso_045.pdf>
Package pdftex.def Info: images/labyrinthe4/bump_obstacle6_iso_045.pdf used on 
input line 306.
(pdftex.def)             Requested size: 83.35228pt x 83.58629pt.

<images/labyrinthe4/bump_obstacle6_iso_056.pdf, id=738, 357.335pt x 358.33875pt
>
File: images/labyrinthe4/bump_obstacle6_iso_056.pdf Graphic file (type pdf)
 <use images/labyrinthe4/bump_obstacle6_iso_056.pdf>
Package pdftex.def Info: images/labyrinthe4/bump_obstacle6_iso_056.pdf used on 
input line 312.
(pdftex.def)             Requested size: 83.35228pt x 83.58629pt.

<images/labyrinthe4/bump_obstacle6_iso_067.pdf, id=739, 357.335pt x 358.33875pt
>
File: images/labyrinthe4/bump_obstacle6_iso_067.pdf Graphic file (type pdf)
 <use images/labyrinthe4/bump_obstacle6_iso_067.pdf>
Package pdftex.def Info: images/labyrinthe4/bump_obstacle6_iso_067.pdf used on 
input line 313.
(pdftex.def)             Requested size: 83.35228pt x 83.58629pt.

<images/labyrinthe4/bump_obstacle6_iso_078.pdf, id=740, 357.335pt x 358.33875pt
>
File: images/labyrinthe4/bump_obstacle6_iso_078.pdf Graphic file (type pdf)
 <use images/labyrinthe4/bump_obstacle6_iso_078.pdf>
Package pdftex.def Info: images/labyrinthe4/bump_obstacle6_iso_078.pdf used on 
input line 314.
(pdftex.def)             Requested size: 83.35228pt x 83.58629pt.

<images/labyrinthe4/bump_obstacle6_iso_089.pdf, id=741, 357.335pt x 358.33875pt
>
File: images/labyrinthe4/bump_obstacle6_iso_089.pdf Graphic file (type pdf)
 <use images/labyrinthe4/bump_obstacle6_iso_089.pdf>
Package pdftex.def Info: images/labyrinthe4/bump_obstacle6_iso_089.pdf used on 
input line 315.
(pdftex.def)             Requested size: 83.35228pt x 83.58629pt.

<images/labyrinthe4/bump_obstacle6_iso_101.pdf, id=742, 357.335pt x 358.33875pt
>
File: images/labyrinthe4/bump_obstacle6_iso_101.pdf Graphic file (type pdf)
 <use images/labyrinthe4/bump_obstacle6_iso_101.pdf>
Package pdftex.def Info: images/labyrinthe4/bump_obstacle6_iso_101.pdf used on 
input line 316.
(pdftex.def)             Requested size: 83.35228pt x 83.58629pt.
 [18pdfTeX warning (ext4): destination with the same identifier (name{figure.6}
) has been already used, duplicate ignored

\AtBegShi@Output ...ipout \box \AtBeginShipoutBox 
                                                  \fi \fi 
l.326 \end{figure}
                   <./images/MK/MK_beta0_01.pdf> <./images/MK/MK_beta0_11.pdf> 
<./images/MK/MK_beta0_21.pdf> <./images/MK/MK_beta0_31.pdf> <./images/MK/MK_bet
a0_41.pdf> <./images/MK/MK_beta0_51.pdf> <./images/MK/MK_beta0_61.pdf> <./image
s/MK/MK_beta025_01.pdf> <./images/MK/MK_beta025_11.pdf> <./images/MK/MK_beta025
_21.pdf> <./images/MK/MK_beta025_31.pdf> <./images/MK/MK_beta025_41.pdf> <./ima
ges/MK/MK_beta025_51.pdf> <./images/MK/MK_beta025_61.pdf> <./images/MK/MK_beta0
5_01.pdf> <./images/MK/MK_beta05_11.pdf> <./images/MK/MK_beta05_21.pdf> <./imag
es/MK/MK_beta05_31.pdf> <./images/MK/MK_beta05_41.pdf> <./images/MK/MK_beta05_5
1.pdf> <./images/MK/MK_beta05_61.pdf> <./images/MK/MK_beta075_01.pdf> <./images
/MK/MK_beta075_11.pdf> <./images/MK/MK_beta075_21.pdf> <./images/MK/MK_beta075_
31.pdf> <./images/MK/MK_beta075_41.pdf> <./images/MK/MK_beta075_51.pdf> <./imag
es/MK/MK_beta075_61.pdf> <./images/MK/MK_beta1_01.pdf> <./images/MK/MK_beta1_11
.pdf> <./images/MK/MK_beta1_21.pdf> <./images/MK/MK_beta1_31.pdf> <./images/MK/
MK_beta1_41.pdf> <./images/MK/MK_beta1_51.pdf> <./images/MK/MK_beta1_61.pdf>]
<images/bretagne/bretagne_01a.png, id=857, 449.0376pt x 353.6412pt>
File: images/bretagne/bretagne_01a.png Graphic file (type png)

<use images/bretagne/bretagne_01a.png>
Package pdftex.def Info: images/bretagne/bretagne_01a.png used on input line 33
9.
(pdftex.def)             Requested size: 83.35228pt x 65.64383pt.

<images/bretagne/bretagne_16.png, id=859, 449.0376pt x 353.6412pt>
File: images/bretagne/bretagne_16.png Graphic file (type png)

<use images/bretagne/bretagne_16.png>
Package pdftex.def Info: images/bretagne/bretagne_16.png used on input line 340
.
(pdftex.def)             Requested size: 83.35228pt x 65.64383pt.

<images/bretagne/bretagne_32.png, id=860, 449.0376pt x 353.6412pt>
File: images/bretagne/bretagne_32.png Graphic file (type png)

<use images/bretagne/bretagne_32.png>
Package pdftex.def Info: images/bretagne/bretagne_32.png used on input line 341
.
(pdftex.def)             Requested size: 83.35228pt x 65.64383pt.

<images/bretagne/bretagne_48.png, id=861, 449.0376pt x 353.6412pt>
File: images/bretagne/bretagne_48.png Graphic file (type png)

<use images/bretagne/bretagne_48.png>
Package pdftex.def Info: images/bretagne/bretagne_48.png used on input line 342
.
(pdftex.def)             Requested size: 83.35228pt x 65.64383pt.

<images/bretagne/bretagne_64.png, id=862, 449.0376pt x 353.6412pt>
File: images/bretagne/bretagne_64.png Graphic file (type png)

<use images/bretagne/bretagne_64.png>
Package pdftex.def Info: images/bretagne/bretagne_64.png used on input line 343
.
(pdftex.def)             Requested size: 83.35228pt x 65.64383pt.

Overfull \hbox (0.7109pt too wide) in paragraph at lines 338--350
 [] 
 []

) (./sections/sec-conclusion.tex [19pdfTeX warning (ext4): destination with the
 same identifier (name{figure.7}) has been already used, duplicate ignored

\AtBegShi@Output ...ipout \box \AtBeginShipoutBox 
                                                  \fi \fi 
l.7 
    pdfTeX warning (ext4): destination with the same identifier (name{figure.8}
) has been already used, duplicate ignored

\AtBegShi@Output ...ipout \box \AtBeginShipoutBox 
                                                  \fi \fi 
l.7 
     <./images/labyrinthe/bump_obstacle5_iso_001.pdf> <./images/labyrinthe/bump
_obstacle5_iso_012.pdf> <./images/labyrinthe/bump_obstacle5_iso_023.pdf> <./ima
ges/labyrinthe/bump_obstacle5_iso_034.pdf> <./images/labyrinthe/bump_obstacle5_
iso_045.pdf> <./images/labyrinthe/bump_obstacle5_iso_056.pdf> <./images/labyrin
the/bump_obstacle5_iso_067.pdf> <./images/labyrinthe/bump_obstacle5_iso_078.pdf
> <./images/labyrinthe/bump_obstacle5_iso_089.pdf> <./images/labyrinthe/bump_ob
stacle5_iso_101.pdf> <./images/labyrinthe4/bump_obstacle6_iso_001.pdf> <./image
s/labyrinthe4/bump_obstacle6_iso_012.pdf> <./images/labyrinthe4/bump_obstacle6_
iso_023.pdf> <./images/labyrinthe4/bump_obstacle6_iso_034.pdf> <./images/labyri
nthe4/bump_obstacle6_iso_045.pdf> <./images/labyrinthe4/bump_obstacle6_iso_056.
pdf> <./images/labyrinthe4/bump_obstacle6_iso_067.pdf> <./images/labyrinthe4/bu
mp_obstacle6_iso_078.pdf> <./images/labyrinthe4/bump_obstacle6_iso_089.pdf> <./
images/labyrinthe4/bump_obstacle6_iso_101.pdf>]) (./ProxOT.bbl
Underfull \hbox (badness 3386) in paragraph at lines 66--70
[]\OT1/cmr/m/n/8 J. Blum, F-X. Le Dimet, and I. M. Navon.  Data as-sim-i-la-tio
n for geo-phys-i-cal flu-ids.  In
 []

[20pdfTeX warning (ext4): destination with the same identifier (name{figure.9})
 has been already used, duplicate ignored

\AtBegShi@Output ...ipout \box \AtBeginShipoutBox 
                                                  \fi \fi 
l.126 
       <./images/bretagne/bretagne_01a.png> <./images/bretagne/bretagne_16.png>
 <./images/bretagne/bretagne_32.png> <./images/bretagne/bretagne_48.png> <./ima
ges/bretagne/bretagne_64.png>]
Underfull \vbox (badness 10000) has occurred while \output is active []

 [21])
Package atveryend Info: Empty hook `BeforeClearDocument' on input line 74.

[22]
Package atveryend Info: Empty hook `AfterLastShipout' on input line 74.
 (./ProxOT.aux)
Package atveryend Info: Executing hook `AtVeryEndDocument' on input line 74.
Package atveryend Info: Executing hook `AtEndAfterFileList' on input line 74.
Package rerunfilecheck Info: File `ProxOT.out' has not changed.
(rerunfilecheck)             Checksum: D41D8CD98F00B204E9800998ECF8427E;0.
Package atveryend Info: Empty hook `AtVeryVeryEnd' on input line 74.
 ) 
Here is how much of TeX's memory you used:
 8025 strings out of 493014
 124154 string characters out of 6133351
 220984 words of memory out of 5000000
 11081 multiletter control sequences out of 15000+600000
 11328 words of font info for 44 fonts, out of 8000000 for 9000
 1141 hyphenation exceptions out of 8191
 34i,13n,26p,1496b,456s stack positions out of 5000i,500n,10000p,200000b,80000s
</usr/local/texlive/2016/texmf-dist/fonts/type1/public/amsfonts/cm/cmbx10.pfb
></usr/local/texlive/2016/texmf-dist/fonts/type1/public/amsfonts/cm/cmbx8.pfb><
/usr/local/texlive/2016/texmf-dist/fonts/type1/public/amsfonts/cm/cmcsc10.pfb><
/usr/local/texlive/2016/texmf-dist/fonts/type1/public/amsfonts/cm/cmex10.pfb></
usr/local/texlive/2016/texmf-dist/fonts/type1/public/amsfonts/cmextra/cmex8.pfb
></usr/local/texlive/2016/texmf-dist/fonts/type1/public/amsfonts/cm/cmmi10.pfb>
</usr/local/texlive/2016/texmf-dist/fonts/type1/public/amsfonts/cm/cmmi5.pfb></
usr/local/texlive/2016/texmf-dist/fonts/type1/public/amsfonts/cm/cmmi6.pfb></us
r/local/texlive/2016/texmf-dist/fonts/type1/public/amsfonts/cm/cmmi7.pfb></usr/
local/texlive/2016/texmf-dist/fonts/type1/public/amsfonts/cm/cmmi8.pfb></usr/lo
cal/texlive/2016/texmf-dist/fonts/type1/public/amsfonts/cm/cmr10.pfb></usr/loca
l/texlive/2016/texmf-dist/fonts/type1/public/amsfonts/cm/cmr5.pfb></usr/local/t
exlive/2016/texmf-dist/fonts/type1/public/amsfonts/cm/cmr6.pfb></usr/local/texl
ive/2016/texmf-dist/fonts/type1/public/amsfonts/cm/cmr7.pfb></usr/local/texlive
/2016/texmf-dist/fonts/type1/public/amsfonts/cm/cmr8.pfb></usr/local/texlive/20
16/texmf-dist/fonts/type1/public/amsfonts/cm/cmsy10.pfb></usr/local/texlive/201
6/texmf-dist/fonts/type1/public/amsfonts/cm/cmsy5.pfb></usr/local/texlive/2016/
texmf-dist/fonts/type1/public/amsfonts/cm/cmsy6.pfb></usr/local/texlive/2016/te
xmf-dist/fonts/type1/public/amsfonts/cm/cmsy7.pfb></usr/local/texlive/2016/texm
f-dist/fonts/type1/public/amsfonts/cm/cmsy8.pfb></usr/local/texlive/2016/texmf-
dist/fonts/type1/public/amsfonts/cm/cmti10.pfb></usr/local/texlive/2016/texmf-d
ist/fonts/type1/public/amsfonts/cm/cmti7.pfb></usr/local/texlive/2016/texmf-dis
t/fonts/type1/public/amsfonts/cm/cmti8.pfb></usr/local/texlive/2016/texmf-dist/
fonts/type1/public/amsfonts/cm/cmtt8.pfb></usr/local/texlive/2016/texmf-dist/fo
nts/type1/public/amsfonts/symbols/msam10.pfb></usr/local/texlive/2016/texmf-dis
t/fonts/type1/public/amsfonts/symbols/msam7.pfb></usr/local/texlive/2016/texmf-
dist/fonts/type1/public/amsfonts/symbols/msbm10.pfb></usr/local/texlive/2016/te
xmf-dist/fonts/type1/public/amsfonts/symbols/msbm7.pfb>
Output written on ProxOT.pdf (22 pages, 1331192 bytes).
PDF statistics:
 1083 PDF objects out of 1200 (max. 8388607)
 822 compressed objects within 9 object streams
 210 named destinations out of 1000 (max. 500000)
 686 words of extra memory for PDF output out of 10000 (max. 10000000)

